{"/home/webreflection/code/poorlyfills/index.c.js":{"path":"/home/webreflection/code/poorlyfills/index.c.js","s":{"1":1,"2":1,"3":2,"4":2,"5":4,"6":4,"7":2,"8":15,"9":2,"10":6,"11":5,"12":2,"13":2,"14":2,"15":2,"16":4,"17":2,"18":1,"19":5,"20":1,"21":1,"22":1,"23":1,"24":1,"25":1,"26":2,"27":1,"28":1,"29":1,"30":3,"31":1,"32":1,"33":2,"34":2,"35":6,"36":2,"37":7,"38":4,"39":3,"40":3,"41":1,"42":1,"43":1,"44":1,"45":3,"46":1,"47":1},"b":{"1":[1,1],"2":[4,2,2],"3":[1,4],"4":[1,1],"5":[1,1],"6":[4,2],"7":[1,1]},"f":{"1":2,"2":6,"3":2,"4":5,"5":1,"6":2,"7":3,"8":1,"9":1},"fnMap":{"1":{"name":"Map","line":4,"loc":{"start":{"line":4,"column":27},"end":{"line":4,"column":42}}},"2":{"name":"(anonymous_2)","line":9,"loc":{"start":{"line":9,"column":12},"end":{"line":9,"column":15}}},"3":{"name":"(anonymous_3)","line":17,"loc":{"start":{"line":17,"column":11},"end":{"line":17,"column":22}}},"4":{"name":"(anonymous_4)","line":20,"loc":{"start":{"line":20,"column":7},"end":{"line":20,"column":20}}},"5":{"name":"Set","line":29,"loc":{"start":{"line":29,"column":27},"end":{"line":29,"column":42}}},"6":{"name":"WeakMap","line":42,"loc":{"start":{"line":42,"column":35},"end":{"line":42,"column":54}}},"7":{"name":"(anonymous_7)","line":49,"loc":{"start":{"line":49,"column":7},"end":{"line":49,"column":20}}},"8":{"name":"WeakSet","line":59,"loc":{"start":{"line":59,"column":35},"end":{"line":59,"column":54}}},"9":{"name":"(anonymous_9)","line":65,"loc":{"start":{"line":65,"column":7},"end":{"line":65,"column":13}}}},"statementMap":{"1":{"start":{"line":1,"column":0},"end":{"line":72,"column":9}},"2":{"start":{"line":4,"column":0},"end":{"line":27,"column":2}},"3":{"start":{"line":5,"column":2},"end":{"line":5,"column":14}},"4":{"start":{"line":6,"column":2},"end":{"line":6,"column":42}},"5":{"start":{"line":6,"column":24},"end":{"line":6,"column":31}},"6":{"start":{"line":6,"column":32},"end":{"line":6,"column":39}},"7":{"start":{"line":7,"column":2},"end":{"line":7,"column":47}},"8":{"start":{"line":7,"column":21},"end":{"line":7,"column":46}},"9":{"start":{"line":8,"column":2},"end":{"line":26,"column":4}},"10":{"start":{"line":9,"column":17},"end":{"line":9,"column":33}},"11":{"start":{"line":12,"column":16},"end":{"line":12,"column":33}},"12":{"start":{"line":13,"column":16},"end":{"line":13,"column":25}},"13":{"start":{"line":14,"column":18},"end":{"line":14,"column":27}},"14":{"start":{"line":15,"column":19},"end":{"line":15,"column":49}},"15":{"start":{"line":15,"column":37},"end":{"line":15,"column":48}},"16":{"start":{"line":16,"column":19},"end":{"line":16,"column":65}},"17":{"start":{"line":18,"column":6},"end":{"line":18,"column":64}},"18":{"start":{"line":18,"column":30},"end":{"line":18,"column":62}},"19":{"start":{"line":21,"column":6},"end":{"line":24,"column":14}},"20":{"start":{"line":29,"column":0},"end":{"line":36,"column":2}},"21":{"start":{"line":30,"column":2},"end":{"line":30,"column":27}},"22":{"start":{"line":31,"column":2},"end":{"line":31,"column":20}},"23":{"start":{"line":32,"column":2},"end":{"line":32,"column":15}},"24":{"start":{"line":33,"column":2},"end":{"line":33,"column":15}},"25":{"start":{"line":34,"column":2},"end":{"line":34,"column":39}},"26":{"start":{"line":34,"column":17},"end":{"line":34,"column":38}},"27":{"start":{"line":35,"column":2},"end":{"line":35,"column":11}},"28":{"start":{"line":38,"column":0},"end":{"line":38,"column":10}},"29":{"start":{"line":39,"column":0},"end":{"line":39,"column":46}},"30":{"start":{"line":39,"column":18},"end":{"line":39,"column":45}},"31":{"start":{"line":41,"column":0},"end":{"line":41,"column":30}},"32":{"start":{"line":42,"column":0},"end":{"line":57,"column":2}},"33":{"start":{"line":43,"column":2},"end":{"line":43,"column":19}},"34":{"start":{"line":44,"column":2},"end":{"line":44,"column":39}},"35":{"start":{"line":44,"column":21},"end":{"line":44,"column":38}},"36":{"start":{"line":45,"column":2},"end":{"line":56,"column":4}},"37":{"start":{"line":47,"column":16},"end":{"line":47,"column":23}},"38":{"start":{"line":48,"column":19},"end":{"line":48,"column":45}},"39":{"start":{"line":50,"column":6},"end":{"line":53,"column":9}},"40":{"start":{"line":54,"column":6},"end":{"line":54,"column":18}},"41":{"start":{"line":59,"column":0},"end":{"line":70,"column":2}},"42":{"start":{"line":60,"column":2},"end":{"line":60,"column":19}},"43":{"start":{"line":61,"column":2},"end":{"line":61,"column":32}},"44":{"start":{"line":62,"column":2},"end":{"line":69,"column":4}},"45":{"start":{"line":63,"column":16},"end":{"line":63,"column":34}},"46":{"start":{"line":66,"column":6},"end":{"line":66,"column":22}},"47":{"start":{"line":67,"column":6},"end":{"line":67,"column":18}}},"branchMap":{"1":{"line":4,"type":"binary-expr","locations":[{"start":{"line":4,"column":13},"end":{"line":4,"column":23}},{"start":{"line":4,"column":27},"end":{"line":27,"column":1}}]},"2":{"line":16,"type":"binary-expr","locations":[{"start":{"line":16,"column":19},"end":{"line":16,"column":27}},{"start":{"line":16,"column":31},"end":{"line":16,"column":45}},{"start":{"line":16,"column":49},"end":{"line":16,"column":65}}]},"3":{"line":21,"type":"cond-expr","locations":[{"start":{"line":22,"column":9},"end":{"line":22,"column":21}},{"start":{"line":23,"column":9},"end":{"line":23,"column":35}}]},"4":{"line":29,"type":"binary-expr","locations":[{"start":{"line":29,"column":13},"end":{"line":29,"column":23}},{"start":{"line":29,"column":27},"end":{"line":36,"column":1}}]},"5":{"line":42,"type":"binary-expr","locations":[{"start":{"line":42,"column":17},"end":{"line":42,"column":31}},{"start":{"line":42,"column":35},"end":{"line":57,"column":1}}]},"6":{"line":48,"type":"binary-expr","locations":[{"start":{"line":48,"column":19},"end":{"line":48,"column":27}},{"start":{"line":48,"column":31},"end":{"line":48,"column":45}}]},"7":{"line":59,"type":"binary-expr","locations":[{"start":{"line":59,"column":17},"end":{"line":59,"column":31}},{"start":{"line":59,"column":35},"end":{"line":70,"column":1}}]}}}}