TN:
SF:/home/webreflection/code/poorlyfills/index.c.js
FN:4,Map
FN:9,(anonymous_2)
FN:17,(anonymous_3)
FN:20,(anonymous_4)
FN:29,Set
FN:42,WeakMap
FN:49,(anonymous_7)
FN:59,WeakSet
FN:65,(anonymous_9)
FNF:9
FNH:9
FNDA:2,Map
FNDA:6,(anonymous_2)
FNDA:2,(anonymous_3)
FNDA:5,(anonymous_4)
FNDA:1,Set
FNDA:2,WeakMap
FNDA:3,(anonymous_7)
FNDA:1,WeakSet
FNDA:1,(anonymous_9)
DA:1,1
DA:4,1
DA:5,2
DA:6,4
DA:7,15
DA:8,2
DA:9,6
DA:12,5
DA:13,2
DA:14,2
DA:15,2
DA:16,4
DA:18,2
DA:21,5
DA:29,1
DA:30,1
DA:31,1
DA:32,1
DA:33,1
DA:34,2
DA:35,1
DA:38,1
DA:39,3
DA:41,1
DA:42,1
DA:43,2
DA:44,6
DA:45,2
DA:47,7
DA:48,4
DA:50,3
DA:54,3
DA:59,1
DA:60,1
DA:61,1
DA:62,1
DA:63,3
DA:66,1
DA:67,1
LF:39
LH:39
BRDA:4,1,0,1
BRDA:4,1,1,1
BRDA:16,2,0,4
BRDA:16,2,1,2
BRDA:16,2,2,2
BRDA:21,3,0,1
BRDA:21,3,1,4
BRDA:29,4,0,1
BRDA:29,4,1,1
BRDA:42,5,0,1
BRDA:42,5,1,1
BRDA:48,6,0,4
BRDA:48,6,1,2
BRDA:59,7,0,1
BRDA:59,7,1,1
BRF:15
BRH:15
end_of_record
